[1011/005027.624:ERROR:settings.cc(430)] Settings version is not 5
[1011/010539.987:ERROR:directory_reader_win.cc(43)] FindFirstFile: Le chemin d’accès spécifié est introuvable. (0x3)
[1011/144036.045:ERROR:filesystem_win.cc(129)] GetFileAttributes C:\Users\u\AppData\Local\Microsoft\Edge\User Data\Crashpad\attachments\f92786d0-04c4-4cd6-a8d7-39c5d93fdae8: Le chemin d’accès spécifié est introuvable. (0x3)
[1011/150614.033:ERROR:directory_reader_win.cc(43)] FindFirstFile: Le chemin d’accès spécifié est introuvable. (0x3)
[1011/223519.079:ERROR:directory_reader_win.cc(43)] FindFirstFile: Le chemin d’accès spécifié est introuvable. (0x3)
[1013/145506.429:ERROR:process_reader_win.cc(155)] SuspendThread: Accès refusé. (0x5)
[1013/145506.445:ERROR:process_reader_win.cc(155)] SuspendThread: Accès refusé. (0x5)
[1013/145506.445:ERROR:process_reader_win.cc(155)] SuspendThread: Accès refusé. (0x5)
[1013/145506.445:ERROR:process_reader_win.cc(155)] SuspendThread: Accès refusé. (0x5)
[1013/145506.445:ERROR:process_reader_win.cc(155)] SuspendThread: Accès refusé. (0x5)
[1013/145506.445:ERROR:process_reader_win.cc(155)] SuspendThread: Accès refusé. (0x5)
[1013/145506.445:ERROR:process_reader_win.cc(127)] NtOpenThread: {Accès refusé} Un processus a demandé l’accès a un objet, mais il ne bénéficie pas des autorisations nécessaires. (0xc0000022)
[1013/145506.445:ERROR:exception_snapshot_win.cc(100)] thread ID 15896 not found in process
[1013/145506.460:ERROR:process_reader_win.cc(155)] SuspendThread: Accès refusé. (0x5)
[1013/145506.460:ERROR:process_reader_win.cc(155)] SuspendThread: Accès refusé. (0x5)
[1013/145506.460:ERROR:process_reader_win.cc(127)] NtOpenThread: {Accès refusé} Un processus a demandé l’accès a un objet, mais il ne bénéficie pas des autorisations nécessaires. (0xc0000022)
[1013/145506.460:ERROR:exception_snapshot_win.cc(100)] thread ID 18976 not found in process
[1013/145507.163:ERROR:filesystem_win.cc(129)] GetFileAttributes C:\Users\u\AppData\Local\Microsoft\Edge\User Data\Crashpad\attachments\3b4df697-7e8f-4395-8993-68b49dd2253d: Le chemin d’accès spécifié est introuvable. (0x3)
[1013/145507.195:ERROR:filesystem_win.cc(129)] GetFileAttributes C:\Users\u\AppData\Local\Microsoft\Edge\User Data\Crashpad\attachments\4ae636d2-f1b3-4cd1-9e83-32297d6853bf: Le chemin d’accès spécifié est introuvable. (0x3)
[1014/004310.460:ERROR:directory_reader_win.cc(43)] FindFirstFile: Le chemin d’accès spécifié est introuvable. (0x3)
[1019/231446.901:ERROR:directory_reader_win.cc(43)] FindFirstFile: Le chemin d’accès spécifié est introuvable. (0x3)
[1020/112009.825:ERROR:directory_reader_win.cc(43)] FindFirstFile: Le chemin d’accès spécifié est introuvable. (0x3)
[1021/224210.368:ERROR:directory_reader_win.cc(43)] FindFirstFile: Le chemin d’accès spécifié est introuvable. (0x3)
[1022/093435.025:ERROR:directory_reader_win.cc(43)] FindFirstFile: Le chemin d’accès spécifié est introuvable. (0x3)
